<?xml version="1.0" encoding="UTF-8"?>
<!-- Generated by org.testng.reporters.JUnitReportReporter -->
<testsuite hostname="fv-az39-229" failures="0" tests="4" name="com.hienhoang.springbascis.runner.CucumberTestRunner" time="107.647" errors="0" timestamp="2021-05-09T14:49:57 UTC" skipped="0">
  <testcase classname="com.hienhoang.springbascis.runner.CucumberTestRunner" name="runScenario" time="26.792"/>
  <system-out/>
  <testcase classname="com.hienhoang.springbascis.runner.CucumberTestRunner" name="runScenario" time="26.873"/>
  <system-out/>
  <testcase classname="com.hienhoang.springbascis.runner.CucumberTestRunner" name="runScenario" time="26.994"/>
  <system-out/>
  <testcase classname="com.hienhoang.springbascis.runner.CucumberTestRunner" name="runScenario" time="26.988"/>
  <system-out/>
</testsuite> <!-- com.hienhoang.springbascis.runner.CucumberTestRunner -->
