<?xml version="1.0" encoding="UTF-8"?>
<!-- Generated by org.testng.reporters.JUnitReportReporter -->
<testsuite hostname="fv-az82-984" failures="0" tests="4" name="com.hienhoang.springbascis.runner.CucumberTestRunner" time="66.621" errors="0" timestamp="2021-05-09T14:42:10 UTC" skipped="0">
  <testcase classname="com.hienhoang.springbascis.runner.CucumberTestRunner" name="runScenario" time="16.551"/>
  <system-out/>
  <testcase classname="com.hienhoang.springbascis.runner.CucumberTestRunner" name="runScenario" time="16.680"/>
  <system-out/>
  <testcase classname="com.hienhoang.springbascis.runner.CucumberTestRunner" name="runScenario" time="16.751"/>
  <system-out/>
  <testcase classname="com.hienhoang.springbascis.runner.CucumberTestRunner" name="runScenario" time="16.639"/>
  <system-out/>
</testsuite> <!-- com.hienhoang.springbascis.runner.CucumberTestRunner -->
