<?xml version="1.0" encoding="UTF-8"?>
<testsuite xmlns:xsi="http://www.w3.org/2001/XMLSchema-instance" xsi:noNamespaceSchemaLocation="https://maven.apache.org/surefire/maven-surefire-plugin/xsd/surefire-test-report.xsd" name="TestSuite" time="31.715" tests="4" errors="0" skipped="0" failures="0">
  <properties>
    <property name="gopherProxySet" value="false"/>
    <property name="awt.toolkit" value="sun.lwawt.macosx.LWCToolkit"/>
    <property name="java.specification.version" value="11"/>
    <property name="sun.cpu.isalist" value=""/>
    <property name="sun.jnu.encoding" value="UTF-8"/>
    <property name="java.class.path" value="/Users/hienhoang/Desktop/springbascis/target/test-classes:/Users/hienhoang/Desktop/springbascis/target/classes:/Users/hienhoang/.m2/repository/org/springframework/boot/spring-boot-starter/2.4.5/spring-boot-starter-2.4.5.jar:/Users/hienhoang/.m2/repository/org/springframework/boot/spring-boot/2.4.5/spring-boot-2.4.5.jar:/Users/hienhoang/.m2/repository/org/springframework/spring-context/5.3.6/spring-context-5.3.6.jar:/Users/hienhoang/.m2/repository/org/springframework/spring-aop/5.3.6/spring-aop-5.3.6.jar:/Users/hienhoang/.m2/repository/org/springframework/spring-beans/5.3.6/spring-beans-5.3.6.jar:/Users/hienhoang/.m2/repository/org/springframework/spring-expression/5.3.6/spring-expression-5.3.6.jar:/Users/hienhoang/.m2/repository/org/springframework/boot/spring-boot-autoconfigure/2.4.5/spring-boot-autoconfigure-2.4.5.jar:/Users/hienhoang/.m2/repository/org/springframework/boot/spring-boot-starter-logging/2.4.5/spring-boot-starter-logging-2.4.5.jar:/Users/hienhoang/.m2/repository/ch/qos/logback/logback-classic/1.2.3/logback-classic-1.2.3.jar:/Users/hienhoang/.m2/repository/ch/qos/logback/logback-core/1.2.3/logback-core-1.2.3.jar:/Users/hienhoang/.m2/repository/org/apache/logging/log4j/log4j-to-slf4j/2.13.3/log4j-to-slf4j-2.13.3.jar:/Users/hienhoang/.m2/repository/org/apache/logging/log4j/log4j-api/2.13.3/log4j-api-2.13.3.jar:/Users/hienhoang/.m2/repository/org/slf4j/jul-to-slf4j/1.7.30/jul-to-slf4j-1.7.30.jar:/Users/hienhoang/.m2/repository/jakarta/annotation/jakarta.annotation-api/1.3.5/jakarta.annotation-api-1.3.5.jar:/Users/hienhoang/.m2/repository/org/springframework/spring-core/5.3.6/spring-core-5.3.6.jar:/Users/hienhoang/.m2/repository/org/springframework/spring-jcl/5.3.6/spring-jcl-5.3.6.jar:/Users/hienhoang/.m2/repository/org/yaml/snakeyaml/1.27/snakeyaml-1.27.jar:/Users/hienhoang/.m2/repository/org/springframework/boot/spring-boot-starter-test/2.4.5/spring-boot-starter-test-2.4.5.jar:/Users/hienhoang/.m2/repository/org/springframework/boot/spring-boot-test/2.4.5/spring-boot-test-2.4.5.jar:/Users/hienhoang/.m2/repository/org/springframework/boot/spring-boot-test-autoconfigure/2.4.5/spring-boot-test-autoconfigure-2.4.5.jar:/Users/hienhoang/.m2/repository/com/jayway/jsonpath/json-path/2.4.0/json-path-2.4.0.jar:/Users/hienhoang/.m2/repository/net/minidev/json-smart/2.3/json-smart-2.3.jar:/Users/hienhoang/.m2/repository/net/minidev/accessors-smart/1.2/accessors-smart-1.2.jar:/Users/hienhoang/.m2/repository/org/ow2/asm/asm/5.0.4/asm-5.0.4.jar:/Users/hienhoang/.m2/repository/jakarta/xml/bind/jakarta.xml.bind-api/2.3.3/jakarta.xml.bind-api-2.3.3.jar:/Users/hienhoang/.m2/repository/jakarta/activation/jakarta.activation-api/1.2.2/jakarta.activation-api-1.2.2.jar:/Users/hienhoang/.m2/repository/org/assertj/assertj-core/3.18.1/assertj-core-3.18.1.jar:/Users/hienhoang/.m2/repository/org/hamcrest/hamcrest/2.2/hamcrest-2.2.jar:/Users/hienhoang/.m2/repository/org/junit/jupiter/junit-jupiter/5.7.1/junit-jupiter-5.7.1.jar:/Users/hienhoang/.m2/repository/org/junit/jupiter/junit-jupiter-api/5.7.1/junit-jupiter-api-5.7.1.jar:/Users/hienhoang/.m2/repository/org/opentest4j/opentest4j/1.2.0/opentest4j-1.2.0.jar:/Users/hienhoang/.m2/repository/org/junit/platform/junit-platform-commons/1.7.1/junit-platform-commons-1.7.1.jar:/Users/hienhoang/.m2/repository/org/junit/jupiter/junit-jupiter-params/5.7.1/junit-jupiter-params-5.7.1.jar:/Users/hienhoang/.m2/repository/org/junit/jupiter/junit-jupiter-engine/5.7.1/junit-jupiter-engine-5.7.1.jar:/Users/hienhoang/.m2/repository/org/junit/platform/junit-platform-engine/1.7.1/junit-platform-engine-1.7.1.jar:/Users/hienhoang/.m2/repository/org/mockito/mockito-core/3.6.28/mockito-core-3.6.28.jar:/Users/hienhoang/.m2/repository/net/bytebuddy/byte-buddy-agent/1.10.22/byte-buddy-agent-1.10.22.jar:/Users/hienhoang/.m2/repository/org/objenesis/objenesis/3.1/objenesis-3.1.jar:/Users/hienhoang/.m2/repository/org/mockito/mockito-junit-jupiter/3.6.28/mockito-junit-jupiter-3.6.28.jar:/Users/hienhoang/.m2/repository/org/skyscreamer/jsonassert/1.5.0/jsonassert-1.5.0.jar:/Users/hienhoang/.m2/repository/com/vaadin/external/google/android-json/0.0.20131108.vaadin1/android-json-0.0.20131108.vaadin1.jar:/Users/hienhoang/.m2/repository/org/springframework/spring-test/5.3.6/spring-test-5.3.6.jar:/Users/hienhoang/.m2/repository/org/xmlunit/xmlunit-core/2.7.0/xmlunit-core-2.7.0.jar:/Users/hienhoang/.m2/repository/org/seleniumhq/selenium/selenium-java/3.141.59/selenium-java-3.141.59.jar:/Users/hienhoang/.m2/repository/org/seleniumhq/selenium/selenium-api/3.141.59/selenium-api-3.141.59.jar:/Users/hienhoang/.m2/repository/org/seleniumhq/selenium/selenium-chrome-driver/3.141.59/selenium-chrome-driver-3.141.59.jar:/Users/hienhoang/.m2/repository/org/seleniumhq/selenium/selenium-edge-driver/3.141.59/selenium-edge-driver-3.141.59.jar:/Users/hienhoang/.m2/repository/org/seleniumhq/selenium/selenium-firefox-driver/3.141.59/selenium-firefox-driver-3.141.59.jar:/Users/hienhoang/.m2/repository/org/seleniumhq/selenium/selenium-ie-driver/3.141.59/selenium-ie-driver-3.141.59.jar:/Users/hienhoang/.m2/repository/org/seleniumhq/selenium/selenium-opera-driver/3.141.59/selenium-opera-driver-3.141.59.jar:/Users/hienhoang/.m2/repository/org/seleniumhq/selenium/selenium-remote-driver/3.141.59/selenium-remote-driver-3.141.59.jar:/Users/hienhoang/.m2/repository/org/seleniumhq/selenium/selenium-safari-driver/3.141.59/selenium-safari-driver-3.141.59.jar:/Users/hienhoang/.m2/repository/org/seleniumhq/selenium/selenium-support/3.141.59/selenium-support-3.141.59.jar:/Users/hienhoang/.m2/repository/net/bytebuddy/byte-buddy/1.10.22/byte-buddy-1.10.22.jar:/Users/hienhoang/.m2/repository/org/apache/commons/commons-exec/1.3/commons-exec-1.3.jar:/Users/hienhoang/.m2/repository/com/google/guava/guava/25.0-jre/guava-25.0-jre.jar:/Users/hienhoang/.m2/repository/com/google/code/findbugs/jsr305/1.3.9/jsr305-1.3.9.jar:/Users/hienhoang/.m2/repository/org/checkerframework/checker-compat-qual/2.0.0/checker-compat-qual-2.0.0.jar:/Users/hienhoang/.m2/repository/com/google/errorprone/error_prone_annotations/2.1.3/error_prone_annotations-2.1.3.jar:/Users/hienhoang/.m2/repository/com/google/j2objc/j2objc-annotations/1.1/j2objc-annotations-1.1.jar:/Users/hienhoang/.m2/repository/org/codehaus/mojo/animal-sniffer-annotations/1.14/animal-sniffer-annotations-1.14.jar:/Users/hienhoang/.m2/repository/com/squareup/okhttp3/okhttp/3.14.9/okhttp-3.14.9.jar:/Users/hienhoang/.m2/repository/com/squareup/okio/okio/1.14.0/okio-1.14.0.jar:/Users/hienhoang/.m2/repository/io/github/bonigarcia/webdrivermanager/3.8.1/webdrivermanager-3.8.1.jar:/Users/hienhoang/.m2/repository/org/slf4j/slf4j-api/1.7.30/slf4j-api-1.7.30.jar:/Users/hienhoang/.m2/repository/commons-io/commons-io/2.6/commons-io-2.6.jar:/Users/hienhoang/.m2/repository/com/google/code/gson/gson/2.8.6/gson-2.8.6.jar:/Users/hienhoang/.m2/repository/org/apache/commons/commons-lang3/3.11/commons-lang3-3.11.jar:/Users/hienhoang/.m2/repository/org/apache/httpcomponents/httpclient/4.5.13/httpclient-4.5.13.jar:/Users/hienhoang/.m2/repository/org/apache/httpcomponents/httpcore/4.4.14/httpcore-4.4.14.jar:/Users/hienhoang/.m2/repository/commons-codec/commons-codec/1.15/commons-codec-1.15.jar:/Users/hienhoang/.m2/repository/org/rauschig/jarchivelib/1.0.0/jarchivelib-1.0.0.jar:/Users/hienhoang/.m2/repository/org/apache/commons/commons-compress/1.18/commons-compress-1.18.jar:/Users/hienhoang/.m2/repository/org/jsoup/jsoup/1.11.3/jsoup-1.11.3.jar:/Users/hienhoang/.m2/repository/org/testng/testng/7.3.0/testng-7.3.0.jar:/Users/hienhoang/.m2/repository/com/beust/jcommander/1.78/jcommander-1.78.jar:/Users/hienhoang/.m2/repository/org/apache/ant/ant/1.10.3/ant-1.10.3.jar:/Users/hienhoang/.m2/repository/org/apache/ant/ant-launcher/1.10.3/ant-launcher-1.10.3.jar:/Users/hienhoang/.m2/repository/junit/junit/4.13.2/junit-4.13.2.jar:/Users/hienhoang/.m2/repository/org/hamcrest/hamcrest-core/2.2/hamcrest-core-2.2.jar:/Users/hienhoang/.m2/repository/com/google/inject/guice/4.2.2/guice-4.2.2-no_aop.jar:/Users/hienhoang/.m2/repository/javax/inject/javax.inject/1/javax.inject-1.jar:/Users/hienhoang/.m2/repository/aopalliance/aopalliance/1.0/aopalliance-1.0.jar:/Users/hienhoang/.m2/repository/io/cucumber/cucumber-spring/6.10.3/cucumber-spring-6.10.3.jar:/Users/hienhoang/.m2/repository/io/cucumber/cucumber-core/6.10.3/cucumber-core-6.10.3.jar:/Users/hienhoang/.m2/repository/io/cucumber/cucumber-gherkin/6.10.3/cucumber-gherkin-6.10.3.jar:/Users/hienhoang/.m2/repository/io/cucumber/cucumber-gherkin-messages/6.10.3/cucumber-gherkin-messages-6.10.3.jar:/Users/hienhoang/.m2/repository/io/cucumber/messages/15.0.0/messages-15.0.0.jar:/Users/hienhoang/.m2/repository/io/cucumber/tag-expressions/3.0.1/tag-expressions-3.0.1.jar:/Users/hienhoang/.m2/repository/io/cucumber/cucumber-expressions/10.3.0/cucumber-expressions-10.3.0.jar:/Users/hienhoang/.m2/repository/io/cucumber/datatable/3.5.0/datatable-3.5.0.jar:/Users/hienhoang/.m2/repository/io/cucumber/cucumber-plugin/6.10.3/cucumber-plugin-6.10.3.jar:/Users/hienhoang/.m2/repository/io/cucumber/docstring/6.10.3/docstring-6.10.3.jar:/Users/hienhoang/.m2/repository/io/cucumber/html-formatter/13.0.0/html-formatter-13.0.0.jar:/Users/hienhoang/.m2/repository/io/cucumber/create-meta/4.0.0/create-meta-4.0.0.jar:/Users/hienhoang/.m2/repository/org/apiguardian/apiguardian-api/1.1.1/apiguardian-api-1.1.1.jar:/Users/hienhoang/.m2/repository/io/cucumber/cucumber-java/6.10.3/cucumber-java-6.10.3.jar:/Users/hienhoang/.m2/repository/io/cucumber/cucumber-testng/6.10.3/cucumber-testng-6.10.3.jar:"/>
    <property name="java.vm.vendor" value="Oracle Corporation"/>
    <property name="sun.arch.data.model" value="64"/>
    <property name="java.vendor.url" value="https://openjdk.java.net/"/>
    <property name="user.timezone" value=""/>
    <property name="java.vm.specification.version" value="11"/>
    <property name="os.name" value="Mac OS X"/>
    <property name="sun.java.launcher" value="SUN_STANDARD"/>
    <property name="user.country" value="VN"/>
    <property name="sun.boot.library.path" value="/Library/Java/JavaVirtualMachines/jdk-11.0.9.jdk/Contents/Home/lib"/>
    <property name="sun.java.command" value="/Users/hienhoang/Desktop/springbascis/target/surefire/surefirebooter14213781682947311789.jar /Users/hienhoang/Desktop/springbascis/target/surefire 2021-05-09T11-10-21_214-jvmRun1 surefire11369295975267875640tmp surefire_014758193973180650725tmp"/>
    <property name="http.nonProxyHosts" value="local|*.local|169.254/16|*.169.254/16"/>
    <property name="jdk.debug" value="release"/>
    <property name="surefire.test.class.path" value="/Users/hienhoang/Desktop/springbascis/target/test-classes:/Users/hienhoang/Desktop/springbascis/target/classes:/Users/hienhoang/.m2/repository/org/springframework/boot/spring-boot-starter/2.4.5/spring-boot-starter-2.4.5.jar:/Users/hienhoang/.m2/repository/org/springframework/boot/spring-boot/2.4.5/spring-boot-2.4.5.jar:/Users/hienhoang/.m2/repository/org/springframework/spring-context/5.3.6/spring-context-5.3.6.jar:/Users/hienhoang/.m2/repository/org/springframework/spring-aop/5.3.6/spring-aop-5.3.6.jar:/Users/hienhoang/.m2/repository/org/springframework/spring-beans/5.3.6/spring-beans-5.3.6.jar:/Users/hienhoang/.m2/repository/org/springframework/spring-expression/5.3.6/spring-expression-5.3.6.jar:/Users/hienhoang/.m2/repository/org/springframework/boot/spring-boot-autoconfigure/2.4.5/spring-boot-autoconfigure-2.4.5.jar:/Users/hienhoang/.m2/repository/org/springframework/boot/spring-boot-starter-logging/2.4.5/spring-boot-starter-logging-2.4.5.jar:/Users/hienhoang/.m2/repository/ch/qos/logback/logback-classic/1.2.3/logback-classic-1.2.3.jar:/Users/hienhoang/.m2/repository/ch/qos/logback/logback-core/1.2.3/logback-core-1.2.3.jar:/Users/hienhoang/.m2/repository/org/apache/logging/log4j/log4j-to-slf4j/2.13.3/log4j-to-slf4j-2.13.3.jar:/Users/hienhoang/.m2/repository/org/apache/logging/log4j/log4j-api/2.13.3/log4j-api-2.13.3.jar:/Users/hienhoang/.m2/repository/org/slf4j/jul-to-slf4j/1.7.30/jul-to-slf4j-1.7.30.jar:/Users/hienhoang/.m2/repository/jakarta/annotation/jakarta.annotation-api/1.3.5/jakarta.annotation-api-1.3.5.jar:/Users/hienhoang/.m2/repository/org/springframework/spring-core/5.3.6/spring-core-5.3.6.jar:/Users/hienhoang/.m2/repository/org/springframework/spring-jcl/5.3.6/spring-jcl-5.3.6.jar:/Users/hienhoang/.m2/repository/org/yaml/snakeyaml/1.27/snakeyaml-1.27.jar:/Users/hienhoang/.m2/repository/org/springframework/boot/spring-boot-starter-test/2.4.5/spring-boot-starter-test-2.4.5.jar:/Users/hienhoang/.m2/repository/org/springframework/boot/spring-boot-test/2.4.5/spring-boot-test-2.4.5.jar:/Users/hienhoang/.m2/repository/org/springframework/boot/spring-boot-test-autoconfigure/2.4.5/spring-boot-test-autoconfigure-2.4.5.jar:/Users/hienhoang/.m2/repository/com/jayway/jsonpath/json-path/2.4.0/json-path-2.4.0.jar:/Users/hienhoang/.m2/repository/net/minidev/json-smart/2.3/json-smart-2.3.jar:/Users/hienhoang/.m2/repository/net/minidev/accessors-smart/1.2/accessors-smart-1.2.jar:/Users/hienhoang/.m2/repository/org/ow2/asm/asm/5.0.4/asm-5.0.4.jar:/Users/hienhoang/.m2/repository/jakarta/xml/bind/jakarta.xml.bind-api/2.3.3/jakarta.xml.bind-api-2.3.3.jar:/Users/hienhoang/.m2/repository/jakarta/activation/jakarta.activation-api/1.2.2/jakarta.activation-api-1.2.2.jar:/Users/hienhoang/.m2/repository/org/assertj/assertj-core/3.18.1/assertj-core-3.18.1.jar:/Users/hienhoang/.m2/repository/org/hamcrest/hamcrest/2.2/hamcrest-2.2.jar:/Users/hienhoang/.m2/repository/org/junit/jupiter/junit-jupiter/5.7.1/junit-jupiter-5.7.1.jar:/Users/hienhoang/.m2/repository/org/junit/jupiter/junit-jupiter-api/5.7.1/junit-jupiter-api-5.7.1.jar:/Users/hienhoang/.m2/repository/org/opentest4j/opentest4j/1.2.0/opentest4j-1.2.0.jar:/Users/hienhoang/.m2/repository/org/junit/platform/junit-platform-commons/1.7.1/junit-platform-commons-1.7.1.jar:/Users/hienhoang/.m2/repository/org/junit/jupiter/junit-jupiter-params/5.7.1/junit-jupiter-params-5.7.1.jar:/Users/hienhoang/.m2/repository/org/junit/jupiter/junit-jupiter-engine/5.7.1/junit-jupiter-engine-5.7.1.jar:/Users/hienhoang/.m2/repository/org/junit/platform/junit-platform-engine/1.7.1/junit-platform-engine-1.7.1.jar:/Users/hienhoang/.m2/repository/org/mockito/mockito-core/3.6.28/mockito-core-3.6.28.jar:/Users/hienhoang/.m2/repository/net/bytebuddy/byte-buddy-agent/1.10.22/byte-buddy-agent-1.10.22.jar:/Users/hienhoang/.m2/repository/org/objenesis/objenesis/3.1/objenesis-3.1.jar:/Users/hienhoang/.m2/repository/org/mockito/mockito-junit-jupiter/3.6.28/mockito-junit-jupiter-3.6.28.jar:/Users/hienhoang/.m2/repository/org/skyscreamer/jsonassert/1.5.0/jsonassert-1.5.0.jar:/Users/hienhoang/.m2/repository/com/vaadin/external/google/android-json/0.0.20131108.vaadin1/android-json-0.0.20131108.vaadin1.jar:/Users/hienhoang/.m2/repository/org/springframework/spring-test/5.3.6/spring-test-5.3.6.jar:/Users/hienhoang/.m2/repository/org/xmlunit/xmlunit-core/2.7.0/xmlunit-core-2.7.0.jar:/Users/hienhoang/.m2/repository/org/seleniumhq/selenium/selenium-java/3.141.59/selenium-java-3.141.59.jar:/Users/hienhoang/.m2/repository/org/seleniumhq/selenium/selenium-api/3.141.59/selenium-api-3.141.59.jar:/Users/hienhoang/.m2/repository/org/seleniumhq/selenium/selenium-chrome-driver/3.141.59/selenium-chrome-driver-3.141.59.jar:/Users/hienhoang/.m2/repository/org/seleniumhq/selenium/selenium-edge-driver/3.141.59/selenium-edge-driver-3.141.59.jar:/Users/hienhoang/.m2/repository/org/seleniumhq/selenium/selenium-firefox-driver/3.141.59/selenium-firefox-driver-3.141.59.jar:/Users/hienhoang/.m2/repository/org/seleniumhq/selenium/selenium-ie-driver/3.141.59/selenium-ie-driver-3.141.59.jar:/Users/hienhoang/.m2/repository/org/seleniumhq/selenium/selenium-opera-driver/3.141.59/selenium-opera-driver-3.141.59.jar:/Users/hienhoang/.m2/repository/org/seleniumhq/selenium/selenium-remote-driver/3.141.59/selenium-remote-driver-3.141.59.jar:/Users/hienhoang/.m2/repository/org/seleniumhq/selenium/selenium-safari-driver/3.141.59/selenium-safari-driver-3.141.59.jar:/Users/hienhoang/.m2/repository/org/seleniumhq/selenium/selenium-support/3.141.59/selenium-support-3.141.59.jar:/Users/hienhoang/.m2/repository/net/bytebuddy/byte-buddy/1.10.22/byte-buddy-1.10.22.jar:/Users/hienhoang/.m2/repository/org/apache/commons/commons-exec/1.3/commons-exec-1.3.jar:/Users/hienhoang/.m2/repository/com/google/guava/guava/25.0-jre/guava-25.0-jre.jar:/Users/hienhoang/.m2/repository/com/google/code/findbugs/jsr305/1.3.9/jsr305-1.3.9.jar:/Users/hienhoang/.m2/repository/org/checkerframework/checker-compat-qual/2.0.0/checker-compat-qual-2.0.0.jar:/Users/hienhoang/.m2/repository/com/google/errorprone/error_prone_annotations/2.1.3/error_prone_annotations-2.1.3.jar:/Users/hienhoang/.m2/repository/com/google/j2objc/j2objc-annotations/1.1/j2objc-annotations-1.1.jar:/Users/hienhoang/.m2/repository/org/codehaus/mojo/animal-sniffer-annotations/1.14/animal-sniffer-annotations-1.14.jar:/Users/hienhoang/.m2/repository/com/squareup/okhttp3/okhttp/3.14.9/okhttp-3.14.9.jar:/Users/hienhoang/.m2/repository/com/squareup/okio/okio/1.14.0/okio-1.14.0.jar:/Users/hienhoang/.m2/repository/io/github/bonigarcia/webdrivermanager/3.8.1/webdrivermanager-3.8.1.jar:/Users/hienhoang/.m2/repository/org/slf4j/slf4j-api/1.7.30/slf4j-api-1.7.30.jar:/Users/hienhoang/.m2/repository/commons-io/commons-io/2.6/commons-io-2.6.jar:/Users/hienhoang/.m2/repository/com/google/code/gson/gson/2.8.6/gson-2.8.6.jar:/Users/hienhoang/.m2/repository/org/apache/commons/commons-lang3/3.11/commons-lang3-3.11.jar:/Users/hienhoang/.m2/repository/org/apache/httpcomponents/httpclient/4.5.13/httpclient-4.5.13.jar:/Users/hienhoang/.m2/repository/org/apache/httpcomponents/httpcore/4.4.14/httpcore-4.4.14.jar:/Users/hienhoang/.m2/repository/commons-codec/commons-codec/1.15/commons-codec-1.15.jar:/Users/hienhoang/.m2/repository/org/rauschig/jarchivelib/1.0.0/jarchivelib-1.0.0.jar:/Users/hienhoang/.m2/repository/org/apache/commons/commons-compress/1.18/commons-compress-1.18.jar:/Users/hienhoang/.m2/repository/org/jsoup/jsoup/1.11.3/jsoup-1.11.3.jar:/Users/hienhoang/.m2/repository/org/testng/testng/7.3.0/testng-7.3.0.jar:/Users/hienhoang/.m2/repository/com/beust/jcommander/1.78/jcommander-1.78.jar:/Users/hienhoang/.m2/repository/org/apache/ant/ant/1.10.3/ant-1.10.3.jar:/Users/hienhoang/.m2/repository/org/apache/ant/ant-launcher/1.10.3/ant-launcher-1.10.3.jar:/Users/hienhoang/.m2/repository/junit/junit/4.13.2/junit-4.13.2.jar:/Users/hienhoang/.m2/repository/org/hamcrest/hamcrest-core/2.2/hamcrest-core-2.2.jar:/Users/hienhoang/.m2/repository/com/google/inject/guice/4.2.2/guice-4.2.2-no_aop.jar:/Users/hienhoang/.m2/repository/javax/inject/javax.inject/1/javax.inject-1.jar:/Users/hienhoang/.m2/repository/aopalliance/aopalliance/1.0/aopalliance-1.0.jar:/Users/hienhoang/.m2/repository/io/cucumber/cucumber-spring/6.10.3/cucumber-spring-6.10.3.jar:/Users/hienhoang/.m2/repository/io/cucumber/cucumber-core/6.10.3/cucumber-core-6.10.3.jar:/Users/hienhoang/.m2/repository/io/cucumber/cucumber-gherkin/6.10.3/cucumber-gherkin-6.10.3.jar:/Users/hienhoang/.m2/repository/io/cucumber/cucumber-gherkin-messages/6.10.3/cucumber-gherkin-messages-6.10.3.jar:/Users/hienhoang/.m2/repository/io/cucumber/messages/15.0.0/messages-15.0.0.jar:/Users/hienhoang/.m2/repository/io/cucumber/tag-expressions/3.0.1/tag-expressions-3.0.1.jar:/Users/hienhoang/.m2/repository/io/cucumber/cucumber-expressions/10.3.0/cucumber-expressions-10.3.0.jar:/Users/hienhoang/.m2/repository/io/cucumber/datatable/3.5.0/datatable-3.5.0.jar:/Users/hienhoang/.m2/repository/io/cucumber/cucumber-plugin/6.10.3/cucumber-plugin-6.10.3.jar:/Users/hienhoang/.m2/repository/io/cucumber/docstring/6.10.3/docstring-6.10.3.jar:/Users/hienhoang/.m2/repository/io/cucumber/html-formatter/13.0.0/html-formatter-13.0.0.jar:/Users/hienhoang/.m2/repository/io/cucumber/create-meta/4.0.0/create-meta-4.0.0.jar:/Users/hienhoang/.m2/repository/org/apiguardian/apiguardian-api/1.1.1/apiguardian-api-1.1.1.jar:/Users/hienhoang/.m2/repository/io/cucumber/cucumber-java/6.10.3/cucumber-java-6.10.3.jar:/Users/hienhoang/.m2/repository/io/cucumber/cucumber-testng/6.10.3/cucumber-testng-6.10.3.jar:"/>
    <property name="sun.cpu.endian" value="little"/>
    <property name="user.home" value="/Users/hienhoang"/>
    <property name="user.language" value="en"/>
    <property name="java.specification.vendor" value="Oracle Corporation"/>
    <property name="java.version.date" value="2020-10-20"/>
    <property name="java.home" value="/Library/Java/JavaVirtualMachines/jdk-11.0.9.jdk/Contents/Home"/>
    <property name="testng.dtd.http" value="true"/>
    <property name="file.separator" value="/"/>
    <property name="basedir" value="/Users/hienhoang/Desktop/springbascis"/>
    <property name="java.vm.compressedOopsMode" value="Zero based"/>
    <property name="line.separator" value="&#10;"/>
    <property name="java.specification.name" value="Java Platform API Specification"/>
    <property name="java.vm.specification.vendor" value="Oracle Corporation"/>
    <property name="java.awt.graphicsenv" value="sun.awt.CGraphicsEnvironment"/>
    <property name="surefire.real.class.path" value="/Users/hienhoang/Desktop/springbascis/target/surefire/surefirebooter14213781682947311789.jar"/>
    <property name="sun.management.compiler" value="HotSpot 64-Bit Tiered Compilers"/>
    <property name="ftp.nonProxyHosts" value="local|*.local|169.254/16|*.169.254/16"/>
    <property name="java.runtime.version" value="11.0.9+7-LTS"/>
    <property name="user.name" value="hienhoang"/>
    <property name="path.separator" value=":"/>
    <property name="os.version" value="10.16"/>
    <property name="java.runtime.name" value="Java(TM) SE Runtime Environment"/>
    <property name="file.encoding" value="UTF-8"/>
    <property name="java.vm.name" value="Java HotSpot(TM) 64-Bit Server VM"/>
    <property name="java.vendor.version" value="18.9"/>
    <property name="localRepository" value="/Users/hienhoang/.m2/repository"/>
    <property name="java.vendor.url.bug" value="https://bugreport.java.com/bugreport/"/>
    <property name="java.io.tmpdir" value="/var/folders/nq/xkpjpfb90r91t6bf31gmc_bh0000gn/T/"/>
    <property name="java.version" value="11.0.9"/>
    <property name="user.dir" value="/Users/hienhoang/Desktop/springbascis"/>
    <property name="os.arch" value="x86_64"/>
    <property name="java.vm.specification.name" value="Java Virtual Machine Specification"/>
    <property name="java.awt.printerjob" value="sun.lwawt.macosx.CPrinterJob"/>
    <property name="sun.os.patch.level" value="unknown"/>
    <property name="java.library.path" value="/Users/hienhoang/Library/Java/Extensions:/Library/Java/Extensions:/Network/Library/Java/Extensions:/System/Library/Java/Extensions:/usr/lib/java:."/>
    <property name="java.vendor" value="Oracle Corporation"/>
    <property name="java.vm.info" value="mixed mode"/>
    <property name="java.vm.version" value="11.0.9+7-LTS"/>
    <property name="sun.io.unicode.encoding" value="UnicodeBig"/>
    <property name="java.class.version" value="55.0"/>
    <property name="socksNonProxyHosts" value="local|*.local|169.254/16|*.169.254/16"/>
  </properties>
  <testcase name="runScenario" classname="com.hienhoang.springbascis.runner.CucumberTestRunner" time="27.515"/>
  <testcase name="runScenario" classname="com.hienhoang.springbascis.runner.CucumberTestRunner" time="28.643"/>
  <testcase name="runScenario" classname="com.hienhoang.springbascis.runner.CucumberTestRunner" time="28.742"/>
  <testcase name="runScenario" classname="com.hienhoang.springbascis.runner.CucumberTestRunner" time="28.777"/>
</testsuite>