<?xml version="1.0" encoding="UTF-8"?>
<!-- Generated by org.testng.reporters.JUnitReportReporter -->
<testsuite hostname="Hiens-MacBook-Pro.local" failures="0" tests="4" name="com.hienhoang.springbascis.runner.CucumberTestRunner" time="94.919" errors="0" timestamp="2021-05-09T16:30:59 ICT" skipped="0">
  <testcase classname="com.hienhoang.springbascis.runner.CucumberTestRunner" name="runScenario" time="23.970"/>
  <system-out/>
  <testcase classname="com.hienhoang.springbascis.runner.CucumberTestRunner" name="runScenario" time="25.312"/>
  <system-out/>
  <testcase classname="com.hienhoang.springbascis.runner.CucumberTestRunner" name="runScenario" time="23.478"/>
  <system-out/>
  <testcase classname="com.hienhoang.springbascis.runner.CucumberTestRunner" name="runScenario" time="22.159"/>
  <system-out/>
</testsuite> <!-- com.hienhoang.springbascis.runner.CucumberTestRunner -->
