<?xml version="1.0" encoding="UTF-8"?>
<!-- Generated by org.testng.reporters.JUnitReportReporter -->
<testsuite hostname="Hiens-MacBook-Pro.local" failures="0" tests="4" name="com.hienhoang.springbascis.runner.CucumberTestRunner" time="113.676" errors="0" timestamp="2021-05-09T11:10:54 ICT" skipped="0">
  <testcase classname="com.hienhoang.springbascis.runner.CucumberTestRunner" name="runScenario" time="28.742"/>
  <system-out/>
  <testcase classname="com.hienhoang.springbascis.runner.CucumberTestRunner" name="runScenario" time="27.512"/>
  <system-out/>
  <testcase classname="com.hienhoang.springbascis.runner.CucumberTestRunner" name="runScenario" time="28.778"/>
  <system-out/>
  <testcase classname="com.hienhoang.springbascis.runner.CucumberTestRunner" name="runScenario" time="28.644"/>
  <system-out/>
</testsuite> <!-- com.hienhoang.springbascis.runner.CucumberTestRunner -->
